Build started 2015/4/3 17:49:02.
     1>Project "D:\Workspace\GitHub\UESerial\UESerial\UESerial.vcxproj" on node 2 (Build target(s)).
     1>ClCompile:
         C:\Program Files (x86)\Microsoft Visual Studio 12.0\VC\bin\x86_amd64\CL.exe /c /AI"C:\Program Files (x86)\Reference Assemblies\Microsoft\Framework\.NETFramework\v4.5\\" /AI"C:\Program Files (x86)\Windows Kits\8.1\References\CommonConfiguration\Neutral" /AI"C:\Program Files (x86)\Reference Assemblies\Microsoft\Framework\.NETFramework\v4.5\Facades\\" /Zi /clr /nologo /W3 /WX- /Od /D WIN32 /D _DEBUG /D _WINDLL /D _UNICODE /D UNICODE /EHa /MDd /GS /fp:precise /Zc:wchar_t /Zc:forScope /Yu"stdafx.h" /Fp"x64\Debug\UESerial.pch" /Fo"x64\Debug\\" /Fd"x64\Debug\vc120.pdb" /TP /FU"C:\Program Files (x86)\Reference Assemblies\Microsoft\Framework\.NETFramework\v4.5\mscorlib.dll" /FU"C:\Program Files (x86)\Reference Assemblies\Microsoft\Framework\.NETFramework\v4.5\System.Data.dll" /FU"C:\Program Files (x86)\Reference Assemblies\Microsoft\Framework\.NETFramework\v4.5\System.dll" /FU"C:\Program Files (x86)\Reference Assemblies\Microsoft\Framework\.NETFramework\v4.5\System.Xml.dll" /errorReport:prompt /clr:nostdlib UESerial.cpp
         UESerial.cpp
     1>UESerial.cpp(22): warning C4101: 'e' : unreferenced local variable
     1>UESerial.cpp(26): warning C4101: 'e' : unreferenced local variable
     1>UESerial.cpp(75): warning C4101: 'e' : unreferenced local variable
     1>UESerial.cpp(78): warning C4101: 'e' : unreferenced local variable
     1>UESerial.cpp(98): warning C4101: 'e' : unreferenced local variable
     1>UESerial.cpp(102): warning C4101: 'e' : unreferenced local variable
       Link:
         C:\Program Files (x86)\Microsoft Visual Studio 12.0\VC\bin\x86_amd64\link.exe /ERRORREPORT:PROMPT /OUT:"D:\Workspace\GitHub\UESerial\x64\Debug\UESerial.dll" /INCREMENTAL /NOLOGO /MANIFEST /MANIFESTUAC:"level='asInvoker' uiAccess='false'" /manifest:embed /DEBUG /PDB:"D:\Workspace\GitHub\UESerial\x64\Debug\UESerial.pdb" /ASSEMBLYDEBUG /TLBID:1 /DYNAMICBASE /FIXED:NO /NXCOMPAT /MACHINE:X64 /DLL x64\Debug\app.res
         x64\Debug\AssemblyInfo.obj
         x64\Debug\Stdafx.obj
         x64\Debug\UESerial.obj
         "x64\Debug\.NETFramework,Version=v4.5.AssemblyAttributes.obj"
            Creating library D:\Workspace\GitHub\UESerial\x64\Debug\UESerial.lib and object D:\Workspace\GitHub\UESerial\x64\Debug\UESerial.exp
         UESerial.vcxproj -> D:\Workspace\GitHub\UESerial\x64\Debug\UESerial.dll
     1>Done Building Project "D:\Workspace\GitHub\UESerial\UESerial\UESerial.vcxproj" (Build target(s)).

Build succeeded.

Time Elapsed 00:00:01.03
